{"/Users/shubhisrivastava/Desktop/ShopApp/src/store/slices/cartSlice.ts": {"path":"/Users/shubhisrivastava/Desktop/ShopApp/src/store/slices/cartSlice.ts","statementMap":{"0":{"start":{"line":15,"column":32},"end":{"line":23,"column":1}},"1":{"start":{"line":25,"column":23},"end":{"line":30,"column":1}},"2":{"start":{"line":26,"column":2},"end":{"line":29,"column":4}},"3":{"start":{"line":27,"column":19},"end":{"line":27,"column":59}},"4":{"start":{"line":32,"column":21},"end":{"line":38,"column":1}},"5":{"start":{"line":33,"column":2},"end":{"line":37,"column":8}},"6":{"start":{"line":35,"column":6},"end":{"line":35,"column":66}},"7":{"start":{"line":36,"column":4},"end":{"line":36,"column":44}},"8":{"start":{"line":40,"column":23},"end":{"line":46,"column":1}},"9":{"start":{"line":41,"column":2},"end":{"line":45,"column":8}},"10":{"start":{"line":43,"column":6},"end":{"line":43,"column":68}},"11":{"start":{"line":44,"column":4},"end":{"line":44,"column":39}},"12":{"start":{"line":48,"column":21},"end":{"line":63,"column":1}},"13":{"start":{"line":49,"column":14},"end":{"line":49,"column":15}},"14":{"start":{"line":50,"column":13},"end":{"line":50,"column":14}},"15":{"start":{"line":51,"column":2},"end":{"line":61,"column":5}},"16":{"start":{"line":52,"column":22},"end":{"line":52,"column":56}},"17":{"start":{"line":53,"column":17},"end":{"line":53,"column":45}},"18":{"start":{"line":55,"column":16},"end":{"line":55,"column":47}},"19":{"start":{"line":56,"column":4},"end":{"line":60,"column":5}},"20":{"start":{"line":57,"column":6},"end":{"line":57,"column":18}},"21":{"start":{"line":59,"column":6},"end":{"line":59,"column":19}},"22":{"start":{"line":62,"column":2},"end":{"line":62,"column":48}},"23":{"start":{"line":65,"column":26},"end":{"line":71,"column":1}},"24":{"start":{"line":66,"column":2},"end":{"line":70,"column":3}},"25":{"start":{"line":67,"column":4},"end":{"line":67,"column":71}},"26":{"start":{"line":69,"column":4},"end":{"line":69,"column":58}},"27":{"start":{"line":73,"column":26},"end":{"line":80,"column":1}},"28":{"start":{"line":74,"column":2},"end":{"line":74,"column":44}},"29":{"start":{"line":75,"column":2},"end":{"line":75,"column":50}},"30":{"start":{"line":76,"column":2},"end":{"line":76,"column":49}},"31":{"start":{"line":77,"column":36},"end":{"line":77,"column":61}},"32":{"start":{"line":78,"column":2},"end":{"line":78,"column":34}},"33":{"start":{"line":79,"column":2},"end":{"line":79,"column":32}},"34":{"start":{"line":82,"column":18},"end":{"line":151,"column":2}},"35":{"start":{"line":87,"column":6},"end":{"line":87,"column":35}},"36":{"start":{"line":88,"column":6},"end":{"line":88,"column":31}},"37":{"start":{"line":92,"column":23},"end":{"line":94,"column":7}},"38":{"start":{"line":93,"column":16},"end":{"line":93,"column":53}},"39":{"start":{"line":95,"column":6},"end":{"line":99,"column":7}},"40":{"start":{"line":96,"column":8},"end":{"line":96,"column":31}},"41":{"start":{"line":98,"column":8},"end":{"line":98,"column":65}},"42":{"start":{"line":100,"column":6},"end":{"line":100,"column":31}},"43":{"start":{"line":101,"column":6},"end":{"line":101,"column":37}},"44":{"start":{"line":105,"column":6},"end":{"line":107,"column":8}},"45":{"start":{"line":106,"column":16},"end":{"line":106,"column":50}},"46":{"start":{"line":108,"column":6},"end":{"line":108,"column":31}},"47":{"start":{"line":109,"column":6},"end":{"line":109,"column":37}},"48":{"start":{"line":116,"column":19},"end":{"line":118,"column":7}},"49":{"start":{"line":117,"column":13},"end":{"line":117,"column":54}},"50":{"start":{"line":119,"column":6},"end":{"line":126,"column":7}},"51":{"start":{"line":120,"column":8},"end":{"line":120,"column":48}},"52":{"start":{"line":121,"column":8},"end":{"line":125,"column":9}},"53":{"start":{"line":122,"column":10},"end":{"line":124,"column":12}},"54":{"start":{"line":123,"column":17},"end":{"line":123,"column":58}},"55":{"start":{"line":127,"column":6},"end":{"line":127,"column":31}},"56":{"start":{"line":128,"column":6},"end":{"line":128,"column":37}},"57":{"start":{"line":135,"column":6},"end":{"line":138,"column":37}},"58":{"start":{"line":142,"column":6},"end":{"line":142,"column":23}},"59":{"start":{"line":143,"column":6},"end":{"line":143,"column":22}},"60":{"start":{"line":144,"column":6},"end":{"line":144,"column":30}},"61":{"start":{"line":145,"column":6},"end":{"line":145,"column":27}},"62":{"start":{"line":146,"column":6},"end":{"line":146,"column":28}},"63":{"start":{"line":147,"column":6},"end":{"line":147,"column":27}},"64":{"start":{"line":148,"column":6},"end":{"line":148,"column":28}},"65":{"start":{"line":160,"column":4},"end":{"line":160,"column":21}}},"fnMap":{"0":{"name":"(anonymous_0)","decl":{"start":{"line":25,"column":23},"end":{"line":25,"column":24}},"loc":{"start":{"line":25,"column":54},"end":{"line":30,"column":1}},"line":25},"1":{"name":"(anonymous_1)","decl":{"start":{"line":27,"column":4},"end":{"line":27,"column":5}},"loc":{"start":{"line":27,"column":19},"end":{"line":27,"column":59}},"line":27},"2":{"name":"(anonymous_2)","decl":{"start":{"line":32,"column":21},"end":{"line":32,"column":22}},"loc":{"start":{"line":32,"column":52},"end":{"line":38,"column":1}},"line":32},"3":{"name":"(anonymous_3)","decl":{"start":{"line":33,"column":22},"end":{"line":33,"column":23}},"loc":{"start":{"line":33,"column":37},"end":{"line":37,"column":3}},"line":33},"4":{"name":"(anonymous_4)","decl":{"start":{"line":40,"column":23},"end":{"line":40,"column":24}},"loc":{"start":{"line":40,"column":54},"end":{"line":46,"column":1}},"line":40},"5":{"name":"(anonymous_5)","decl":{"start":{"line":41,"column":22},"end":{"line":41,"column":23}},"loc":{"start":{"line":41,"column":37},"end":{"line":45,"column":3}},"line":41},"6":{"name":"(anonymous_6)","decl":{"start":{"line":48,"column":21},"end":{"line":48,"column":22}},"loc":{"start":{"line":48,"column":44},"end":{"line":63,"column":1}},"line":48},"7":{"name":"(anonymous_7)","decl":{"start":{"line":51,"column":16},"end":{"line":51,"column":17}},"loc":{"start":{"line":51,"column":24},"end":{"line":61,"column":3}},"line":51},"8":{"name":"(anonymous_8)","decl":{"start":{"line":65,"column":26},"end":{"line":65,"column":27}},"loc":{"start":{"line":65,"column":55},"end":{"line":71,"column":1}},"line":65},"9":{"name":"(anonymous_9)","decl":{"start":{"line":73,"column":26},"end":{"line":73,"column":27}},"loc":{"start":{"line":73,"column":48},"end":{"line":80,"column":1}},"line":73},"10":{"name":"(anonymous_10)","decl":{"start":{"line":86,"column":13},"end":{"line":86,"column":14}},"loc":{"start":{"line":86,"column":59},"end":{"line":89,"column":5}},"line":86},"11":{"name":"(anonymous_11)","decl":{"start":{"line":91,"column":15},"end":{"line":91,"column":16}},"loc":{"start":{"line":91,"column":58},"end":{"line":102,"column":5}},"line":91},"12":{"name":"(anonymous_12)","decl":{"start":{"line":93,"column":8},"end":{"line":93,"column":9}},"loc":{"start":{"line":93,"column":16},"end":{"line":93,"column":53}},"line":93},"13":{"name":"(anonymous_13)","decl":{"start":{"line":104,"column":20},"end":{"line":104,"column":21}},"loc":{"start":{"line":104,"column":62},"end":{"line":110,"column":5}},"line":104},"14":{"name":"(anonymous_14)","decl":{"start":{"line":106,"column":8},"end":{"line":106,"column":9}},"loc":{"start":{"line":106,"column":16},"end":{"line":106,"column":50}},"line":106},"15":{"name":"(anonymous_15)","decl":{"start":{"line":112,"column":20},"end":{"line":112,"column":21}},"loc":{"start":{"line":115,"column":9},"end":{"line":129,"column":5}},"line":115},"16":{"name":"(anonymous_16)","decl":{"start":{"line":117,"column":8},"end":{"line":117,"column":9}},"loc":{"start":{"line":117,"column":13},"end":{"line":117,"column":54}},"line":117},"17":{"name":"(anonymous_17)","decl":{"start":{"line":123,"column":12},"end":{"line":123,"column":13}},"loc":{"start":{"line":123,"column":17},"end":{"line":123,"column":58}},"line":123},"18":{"name":"(anonymous_18)","decl":{"start":{"line":131,"column":27},"end":{"line":131,"column":28}},"loc":{"start":{"line":134,"column":9},"end":{"line":139,"column":5}},"line":134},"19":{"name":"(anonymous_19)","decl":{"start":{"line":141,"column":15},"end":{"line":141,"column":16}},"loc":{"start":{"line":141,"column":24},"end":{"line":149,"column":5}},"line":141}},"branchMap":{"0":{"loc":{"start":{"line":35,"column":6},"end":{"line":35,"column":66}},"type":"binary-expr","locations":[{"start":{"line":35,"column":6},"end":{"line":35,"column":27}},{"start":{"line":35,"column":31},"end":{"line":35,"column":66}}],"line":35},"1":{"loc":{"start":{"line":43,"column":6},"end":{"line":43,"column":68}},"type":"binary-expr","locations":[{"start":{"line":43,"column":6},"end":{"line":43,"column":30}},{"start":{"line":43,"column":35},"end":{"line":43,"column":67}}],"line":43},"2":{"loc":{"start":{"line":43,"column":35},"end":{"line":43,"column":67}},"type":"cond-expr","locations":[{"start":{"line":43,"column":59},"end":{"line":43,"column":63}},{"start":{"line":43,"column":66},"end":{"line":43,"column":67}}],"line":43},"3":{"loc":{"start":{"line":53,"column":17},"end":{"line":53,"column":45}},"type":"binary-expr","locations":[{"start":{"line":53,"column":17},"end":{"line":53,"column":37}},{"start":{"line":53,"column":41},"end":{"line":53,"column":45}}],"line":53},"4":{"loc":{"start":{"line":56,"column":4},"end":{"line":60,"column":5}},"type":"if","locations":[{"start":{"line":56,"column":4},"end":{"line":60,"column":5}},{"start":{"line":58,"column":11},"end":{"line":60,"column":5}}],"line":56},"5":{"loc":{"start":{"line":95,"column":6},"end":{"line":99,"column":7}},"type":"if","locations":[{"start":{"line":95,"column":6},"end":{"line":99,"column":7}},{"start":{"line":97,"column":13},"end":{"line":99,"column":7}}],"line":95},"6":{"loc":{"start":{"line":119,"column":6},"end":{"line":126,"column":7}},"type":"if","locations":[{"start":{"line":119,"column":6},"end":{"line":126,"column":7}},{"start":{},"end":{}}],"line":119},"7":{"loc":{"start":{"line":121,"column":8},"end":{"line":125,"column":9}},"type":"if","locations":[{"start":{"line":121,"column":8},"end":{"line":125,"column":9}},{"start":{},"end":{}}],"line":121},"8":{"loc":{"start":{"line":136,"column":8},"end":{"line":138,"column":36}},"type":"cond-expr","locations":[{"start":{"line":137,"column":12},"end":{"line":137,"column":26}},{"start":{"line":138,"column":12},"end":{"line":138,"column":36}}],"line":136}},"s":{"0":1,"1":1,"2":2,"3":2,"4":1,"5":2,"6":2,"7":2,"8":1,"9":2,"10":2,"11":2,"12":1,"13":2,"14":2,"15":2,"16":2,"17":2,"18":2,"19":2,"20":0,"21":2,"22":2,"23":1,"24":3,"25":3,"26":0,"27":1,"28":2,"29":2,"30":2,"31":2,"32":2,"33":2,"34":1,"35":0,"36":0,"37":2,"38":0,"39":2,"40":0,"41":2,"42":2,"43":2,"44":0,"45":0,"46":0,"47":0,"48":0,"49":0,"50":0,"51":0,"52":0,"53":0,"54":0,"55":0,"56":0,"57":0,"58":1,"59":1,"60":1,"61":1,"62":1,"63":1,"64":1,"65":1},"f":{"0":2,"1":2,"2":2,"3":2,"4":2,"5":2,"6":2,"7":2,"8":3,"9":2,"10":0,"11":2,"12":0,"13":0,"14":0,"15":0,"16":0,"17":0,"18":0,"19":1},"b":{"0":[2,0],"1":[2,0],"2":[0,0],"3":[2,0],"4":[0,2],"5":[0,2],"6":[0,0],"7":[0,0],"8":[0,0]},"_coverageSchema":"1a1c01bbd47fc00a2c39e90264f33305004495a9","hash":"2df9c4800b71614c1e2153a5bad64a7358e61348"}
,"/Users/shubhisrivastava/Desktop/ShopApp/src/utils/formatPrice.ts": {"path":"/Users/shubhisrivastava/Desktop/ShopApp/src/utils/formatPrice.ts","statementMap":{"0":{"start":{"line":1,"column":27},"end":{"line":3,"column":1}},"1":{"start":{"line":2,"column":2},"end":{"line":2,"column":32}}},"fnMap":{"0":{"name":"(anonymous_0)","decl":{"start":{"line":1,"column":27},"end":{"line":1,"column":28}},"loc":{"start":{"line":1,"column":54},"end":{"line":3,"column":1}},"line":1}},"branchMap":{},"s":{"0":1,"1":6},"f":{"0":6},"b":{},"_coverageSchema":"1a1c01bbd47fc00a2c39e90264f33305004495a9","hash":"aedd34c0dc31ec1bd6aba503b03c533c0ec655a5"}
}
