TN:
SF:src/store/slices/cartSlice.ts
FN:25,(anonymous_0)
FN:27,(anonymous_1)
FN:32,(anonymous_2)
FN:33,(anonymous_3)
FN:40,(anonymous_4)
FN:41,(anonymous_5)
FN:48,(anonymous_6)
FN:51,(anonymous_7)
FN:65,(anonymous_8)
FN:73,(anonymous_9)
FN:86,(anonymous_10)
FN:91,(anonymous_11)
FN:93,(anonymous_12)
FN:104,(anonymous_13)
FN:106,(anonymous_14)
FN:112,(anonymous_15)
FN:117,(anonymous_16)
FN:123,(anonymous_17)
FN:131,(anonymous_18)
FN:141,(anonymous_19)
FNF:20
FNH:12
FNDA:2,(anonymous_0)
FNDA:2,(anonymous_1)
FNDA:2,(anonymous_2)
FNDA:2,(anonymous_3)
FNDA:2,(anonymous_4)
FNDA:2,(anonymous_5)
FNDA:2,(anonymous_6)
FNDA:2,(anonymous_7)
FNDA:3,(anonymous_8)
FNDA:2,(anonymous_9)
FNDA:0,(anonymous_10)
FNDA:2,(anonymous_11)
FNDA:0,(anonymous_12)
FNDA:0,(anonymous_13)
FNDA:0,(anonymous_14)
FNDA:0,(anonymous_15)
FNDA:0,(anonymous_16)
FNDA:0,(anonymous_17)
FNDA:0,(anonymous_18)
FNDA:1,(anonymous_19)
DA:15,1
DA:25,1
DA:26,2
DA:27,2
DA:32,1
DA:33,2
DA:35,2
DA:36,2
DA:40,1
DA:41,2
DA:43,2
DA:44,2
DA:48,1
DA:49,2
DA:50,2
DA:51,2
DA:52,2
DA:53,2
DA:55,2
DA:56,2
DA:57,0
DA:59,2
DA:62,2
DA:65,1
DA:66,3
DA:67,3
DA:69,0
DA:73,1
DA:74,2
DA:75,2
DA:76,2
DA:77,2
DA:78,2
DA:79,2
DA:82,1
DA:87,0
DA:88,0
DA:92,2
DA:93,0
DA:95,2
DA:96,0
DA:98,2
DA:100,2
DA:101,2
DA:105,0
DA:106,0
DA:108,0
DA:109,0
DA:116,0
DA:117,0
DA:119,0
DA:120,0
DA:121,0
DA:122,0
DA:123,0
DA:127,0
DA:128,0
DA:135,0
DA:142,1
DA:143,1
DA:144,1
DA:145,1
DA:146,1
DA:147,1
DA:148,1
DA:160,1
LF:66
LH:46
BRDA:35,0,0,2
BRDA:35,0,1,0
BRDA:43,1,0,2
BRDA:43,1,1,0
BRDA:43,2,0,0
BRDA:43,2,1,0
BRDA:53,3,0,2
BRDA:53,3,1,0
BRDA:56,4,0,0
BRDA:56,4,1,2
BRDA:95,5,0,0
BRDA:95,5,1,2
BRDA:119,6,0,0
BRDA:119,6,1,0
BRDA:121,7,0,0
BRDA:121,7,1,0
BRDA:136,8,0,0
BRDA:136,8,1,0
BRF:18
BRH:5
end_of_record
TN:
SF:src/utils/formatPrice.ts
FN:1,(anonymous_0)
FNF:1
FNH:1
FNDA:6,(anonymous_0)
DA:1,1
DA:2,6
LF:2
LH:2
BRF:0
BRH:0
end_of_record
